time="2025-11-14T08:05:30-05:00" level=info msg="🚀 Iniciando servidor..."
time="2025-11-14T08:05:30-05:00" level=info msg="📦 La base de datos inventario ya existe"
time="2025-11-14T08:06:10-05:00" level=info msg="🗑️ Tablas eliminadas correctamente"
time="2025-11-14T08:06:10-05:00" level=info msg="✅ Tablas migradas correctamente"
time="2025-11-14T08:06:10-05:00" level=info msg="🌱 Ejecutando seeding inicial (usuario admin)..."
time="2025-11-14T08:06:13-05:00" level=info msg="✅ Seeding completo ✅"
time="2025-11-14T08:06:13-05:00" level=info msg="📋 Rutas registradas:"
time="2025-11-14T08:06:13-05:00" level=info msg="  GET /"
time="2025-11-14T08:06:13-05:00" level=info msg="  GET /health"
time="2025-11-14T08:06:13-05:00" level=info msg="  HEAD /"
time="2025-11-14T08:06:13-05:00" level=info msg="  POST /"
time="2025-11-14T08:06:13-05:00" level=info msg="  POST /auth/signin"
time="2025-11-14T08:06:13-05:00" level=info msg="  POST /auth/signup"
time="2025-11-14T08:06:13-05:00" level=info msg="  POST /auth/password-reset/request"
time="2025-11-14T08:06:13-05:00" level=info msg="  POST /auth/password-reset/validate"
time="2025-11-14T08:06:13-05:00" level=info msg="  POST /auth/password-reset/confirm"
time="2025-11-14T08:06:13-05:00" level=info msg="  PUT /"
time="2025-11-14T08:06:13-05:00" level=info msg="  DELETE /"
time="2025-11-14T08:06:13-05:00" level=info msg="  CONNECT /"
time="2025-11-14T08:06:13-05:00" level=info msg="  OPTIONS /"
time="2025-11-14T08:06:13-05:00" level=info msg="  TRACE /"
time="2025-11-14T08:06:13-05:00" level=info msg="  PATCH /"
time="2025-11-14T08:06:13-05:00" level=info msg="✅ Servidor escuchando en http://localhost:8080"
time="2025-11-14T08:56:08-05:00" level=error msg="Not Found" ip=127.0.0.1 latency=0s method=POST path=/auth/password-reset/user-exists status=200 userAgent=insomnia/12.0.0
time="2025-11-14T08:56:18-05:00" level=error msg="Not Found" ip=127.0.0.1 latency=0s method=POST path=/auth/password-reset/user-exists status=200 userAgent=insomnia/12.0.0
time="2025-11-14T08:56:26-05:00" level=error msg="Not Found" ip=127.0.0.1 latency=0s method=POST path=/auth/password-reset/user-exists status=200 userAgent=insomnia/12.0.0
time="2025-11-14T08:58:29-05:00" level=info msg="🚀 Iniciando servidor..."
time="2025-11-14T08:58:29-05:00" level=info msg="📦 La base de datos inventario ya existe"
time="2025-11-14T08:58:32-05:00" level=info msg="🗑️ Tablas eliminadas correctamente"
time="2025-11-14T08:58:32-05:00" level=info msg="✅ Tablas migradas correctamente"
time="2025-11-14T08:58:32-05:00" level=info msg="🌱 Ejecutando seeding inicial (usuario admin)..."
time="2025-11-14T08:58:33-05:00" level=info msg="✅ Seeding completo ✅"
time="2025-11-14T08:58:33-05:00" level=info msg="📋 Rutas registradas:"
time="2025-11-14T08:58:33-05:00" level=info msg="  GET /"
time="2025-11-14T08:58:33-05:00" level=info msg="  GET /health"
time="2025-11-14T08:58:33-05:00" level=info msg="  HEAD /"
time="2025-11-14T08:58:33-05:00" level=info msg="  POST /"
time="2025-11-14T08:58:33-05:00" level=info msg="  POST /auth/signin"
time="2025-11-14T08:58:33-05:00" level=info msg="  POST /auth/signup"
time="2025-11-14T08:58:33-05:00" level=info msg="  POST /auth/password-reset/user-exists"
time="2025-11-14T08:58:33-05:00" level=info msg="  POST /auth/password-reset/request"
time="2025-11-14T08:58:33-05:00" level=info msg="  POST /auth/password-reset/validate"
time="2025-11-14T08:58:33-05:00" level=info msg="  POST /auth/password-reset/confirm"
time="2025-11-14T08:58:33-05:00" level=info msg="  PUT /"
time="2025-11-14T08:58:33-05:00" level=info msg="  DELETE /"
time="2025-11-14T08:58:33-05:00" level=info msg="  CONNECT /"
time="2025-11-14T08:58:33-05:00" level=info msg="  OPTIONS /"
time="2025-11-14T08:58:33-05:00" level=info msg="  TRACE /"
time="2025-11-14T08:58:34-05:00" level=info msg="  PATCH /"
time="2025-11-14T08:58:34-05:00" level=info msg="✅ Servidor escuchando en http://localhost:8080"
time="2025-11-14T08:58:44-05:00" level=info msg="HTTP request" ip=127.0.0.1 latency=13.7506ms method=POST path=/auth/password-reset/user-exists status=200 userAgent=insomnia/12.0.0
time="2025-11-14T08:59:00-05:00" level=info msg="📥 Signin request received"
time="2025-11-14T08:59:00-05:00" level=info msg="📧 Email: kenedpalomino@gmail.com, Provider: credentials"
time="2025-11-14T08:59:00-05:00" level=info msg="✅ Signin successful for kenedpalomino@gmail.com"
time="2025-11-14T08:59:00-05:00" level=info msg="HTTP request" ip=127.0.0.1 latency=292.7897ms method=POST path=/auth/signin status=200 userAgent=node
time="2025-11-14T08:59:22-05:00" level=info msg="HTTP request" ip=127.0.0.1 latency=54.1761ms method=POST path=/auth/password-reset/request status=200 userAgent=insomnia/12.0.0
time="2025-11-14T08:59:31-05:00" level=info msg="HTTP request" ip=127.0.0.1 latency=17.6792ms method=POST path=/auth/password-reset/validate status=200 userAgent=insomnia/12.0.0
time="2025-11-14T08:59:45-05:00" level=info msg="HTTP request" ip=127.0.0.1 latency=256.1835ms method=POST path=/auth/password-reset/confirm status=200 userAgent=insomnia/12.0.0
time="2025-11-14T08:59:51-05:00" level=info msg="📥 Signin request received"
time="2025-11-14T08:59:51-05:00" level=info msg="📧 Email: kenedpalomino@gmail.com, Provider: credentials"
time="2025-11-14T08:59:51-05:00" level=info msg="✅ Signin successful for kenedpalomino@gmail.com"
time="2025-11-14T08:59:51-05:00" level=info msg="HTTP request" ip=127.0.0.1 latency=432.6204ms method=POST path=/auth/signin status=200 userAgent=node
time="2025-11-14T09:02:37-05:00" level=info msg="HTTP request" ip=127.0.0.1 latency=1.3485ms method=POST path=/auth/password-reset/user-exists status=404 userAgent=insomnia/12.0.0
time="2025-11-14T14:27:34-05:00" level=info msg="HTTP request" ip=127.0.0.1 latency=2.4166ms method=POST path=/auth/password-reset/user-exists status=200 userAgent=insomnia/12.0.0
time="2025-11-14T14:40:44-05:00" level=info msg="🚀 Iniciando servidor..."
time="2025-11-14T14:40:44-05:00" level=info msg="📦 La base de datos inventario ya existe"
time="2025-11-14T14:40:49-05:00" level=info msg="🗑️ Tablas eliminadas correctamente"
time="2025-11-14T14:40:49-05:00" level=info msg="✅ Tablas migradas correctamente"
time="2025-11-14T14:40:49-05:00" level=info msg="🌱 Ejecutando seeding inicial (usuario admin)..."
time="2025-11-14T14:40:50-05:00" level=info msg="✅ Seeding completo ✅"
time="2025-11-14T14:40:50-05:00" level=info msg="📋 Rutas registradas:"
time="2025-11-14T14:40:50-05:00" level=info msg="  GET /"
time="2025-11-14T14:40:50-05:00" level=info msg="  GET /health"
time="2025-11-14T14:40:50-05:00" level=info msg="  HEAD /"
time="2025-11-14T14:40:50-05:00" level=info msg="  POST /"
time="2025-11-14T14:40:50-05:00" level=info msg="  POST /auth/signin"
time="2025-11-14T14:40:50-05:00" level=info msg="  POST /auth/signup"
time="2025-11-14T14:40:50-05:00" level=info msg="  POST /auth/password-reset/user-exists"
time="2025-11-14T14:40:50-05:00" level=info msg="  POST /auth/password-reset/request"
time="2025-11-14T14:40:50-05:00" level=info msg="  POST /auth/password-reset/validate"
time="2025-11-14T14:40:50-05:00" level=info msg="  POST /auth/password-reset/confirm"
time="2025-11-14T14:40:50-05:00" level=info msg="  PUT /"
time="2025-11-14T14:40:50-05:00" level=info msg="  DELETE /"
time="2025-11-14T14:40:50-05:00" level=info msg="  CONNECT /"
time="2025-11-14T14:40:50-05:00" level=info msg="  OPTIONS /"
time="2025-11-14T14:40:50-05:00" level=info msg="  TRACE /"
time="2025-11-14T14:40:50-05:00" level=info msg="  PATCH /"
time="2025-11-14T14:40:50-05:00" level=info msg="✅ Servidor escuchando en http://localhost:8080"
time="2025-11-14T14:42:51-05:00" level=info msg="🚀 Iniciando servidor..."
time="2025-11-14T14:42:51-05:00" level=info msg="📦 La base de datos inventario ya existe"
time="2025-11-14T14:42:57-05:00" level=info msg="🗑️ Tablas eliminadas correctamente"
time="2025-11-14T14:42:57-05:00" level=info msg="✅ Tablas migradas correctamente"
time="2025-11-14T14:42:57-05:00" level=info msg="🌱 Ejecutando seeding inicial (usuario admin)..."
time="2025-11-14T14:43:00-05:00" level=info msg="✅ Seeding completo ✅"
time="2025-11-14T14:43:00-05:00" level=info msg="📋 Rutas registradas:"
time="2025-11-14T14:43:00-05:00" level=info msg="  GET /"
time="2025-11-14T14:43:00-05:00" level=info msg="  GET /health"
time="2025-11-14T14:43:00-05:00" level=info msg="  HEAD /"
time="2025-11-14T14:43:00-05:00" level=info msg="  POST /"
time="2025-11-14T14:43:00-05:00" level=info msg="  POST /auth/signin"
time="2025-11-14T14:43:00-05:00" level=info msg="  POST /auth/signup"
time="2025-11-14T14:43:00-05:00" level=info msg="  POST /auth/password-reset/user-exists"
time="2025-11-14T14:43:00-05:00" level=info msg="  POST /auth/password-reset/request"
time="2025-11-14T14:43:00-05:00" level=info msg="  POST /auth/password-reset/validate"
time="2025-11-14T14:43:00-05:00" level=info msg="  POST /auth/password-reset/confirm"
time="2025-11-14T14:43:00-05:00" level=info msg="  PUT /"
time="2025-11-14T14:43:00-05:00" level=info msg="  DELETE /"
time="2025-11-14T14:43:00-05:00" level=info msg="  CONNECT /"
time="2025-11-14T14:43:00-05:00" level=info msg="  OPTIONS /"
time="2025-11-14T14:43:00-05:00" level=info msg="  TRACE /"
time="2025-11-14T14:43:00-05:00" level=info msg="  PATCH /"
time="2025-11-14T14:43:00-05:00" level=info msg="✅ Servidor escuchando en http://localhost:8080"
time="2025-11-14T14:44:45-05:00" level=info msg="🚀 Iniciando servidor..."
time="2025-11-14T14:44:45-05:00" level=info msg="📦 La base de datos inventario ya existe"
time="2025-11-14T14:44:49-05:00" level=info msg="🗑️ Tablas eliminadas correctamente"
time="2025-11-14T14:44:49-05:00" level=info msg="✅ Tablas migradas correctamente"
time="2025-11-14T14:44:49-05:00" level=info msg="🌱 Ejecutando seeding inicial (usuario admin)..."
time="2025-11-14T14:44:53-05:00" level=info msg="✅ Seeding completo ✅"
time="2025-11-14T14:44:53-05:00" level=info msg="📋 Rutas registradas:"
time="2025-11-14T14:44:53-05:00" level=info msg="  GET /"
time="2025-11-14T14:44:53-05:00" level=info msg="  GET /health"
time="2025-11-14T14:44:53-05:00" level=info msg="  HEAD /"
time="2025-11-14T14:44:53-05:00" level=info msg="  POST /"
time="2025-11-14T14:44:53-05:00" level=info msg="  POST /auth/signin"
time="2025-11-14T14:44:53-05:00" level=info msg="  POST /auth/signup"
time="2025-11-14T14:44:53-05:00" level=info msg="  POST /auth/password-reset/user-exists"
time="2025-11-14T14:44:53-05:00" level=info msg="  POST /auth/password-reset/request"
time="2025-11-14T14:44:53-05:00" level=info msg="  POST /auth/password-reset/validate"
time="2025-11-14T14:44:53-05:00" level=info msg="  POST /auth/password-reset/confirm"
time="2025-11-14T14:44:53-05:00" level=info msg="  PUT /"
time="2025-11-14T14:44:53-05:00" level=info msg="  DELETE /"
time="2025-11-14T14:44:53-05:00" level=info msg="  CONNECT /"
time="2025-11-14T14:44:53-05:00" level=info msg="  OPTIONS /"
time="2025-11-14T14:44:53-05:00" level=info msg="  TRACE /"
time="2025-11-14T14:44:53-05:00" level=info msg="  PATCH /"
time="2025-11-14T14:44:53-05:00" level=info msg="✅ Servidor escuchando en http://localhost:8080"
time="2025-11-14T14:48:52-05:00" level=info msg="HTTP request" ip=127.0.0.1 latency=39.8065ms method=POST path=/auth/password-reset/user-exists status=200 userAgent=insomnia/12.0.0
time="2025-11-14T14:51:54-05:00" level=info msg="HTTP request" ip=127.0.0.1 latency=1.0017ms method=POST path=/auth/password-reset/user-exists status=200 userAgent=node
time="2025-11-14T14:51:54-05:00" level=info msg="HTTP request" ip=127.0.0.1 latency=50.9194ms method=POST path=/auth/password-reset/request status=200 userAgent=node
time="2025-11-14T14:52:23-05:00" level=info msg="HTTP request" ip=127.0.0.1 latency=9.2286ms method=POST path=/auth/password-reset/validate status=200 userAgent=node
time="2025-11-14T14:52:42-05:00" level=info msg="HTTP request" ip=127.0.0.1 latency=196.4373ms method=POST path=/auth/password-reset/confirm status=200 userAgent=node
time="2025-11-14T14:52:52-05:00" level=info msg="📥 Signin request received"
time="2025-11-14T14:52:52-05:00" level=info msg="📧 Email: kenedpalomino@gmail.com, Provider: credentials"
time="2025-11-14T14:52:52-05:00" level=info msg="✅ Signin successful for kenedpalomino@gmail.com"
time="2025-11-14T14:52:52-05:00" level=info msg="HTTP request" ip=127.0.0.1 latency=394.0427ms method=POST path=/auth/signin status=200 userAgent=node
time="2025-11-14T14:53:36-05:00" level=info msg="HTTP request" ip=127.0.0.1 latency=1.0252ms method=POST path=/auth/password-reset/user-exists status=200 userAgent=node
time="2025-11-14T14:53:36-05:00" level=info msg="HTTP request" ip=127.0.0.1 latency=10.197ms method=POST path=/auth/password-reset/request status=200 userAgent=node
time="2025-11-14T14:53:50-05:00" level=info msg="HTTP request" ip=127.0.0.1 latency=3.0177ms method=POST path=/auth/password-reset/validate status=200 userAgent=node
time="2025-11-14T14:56:15-05:00" level=info msg="🚀 Iniciando servidor..."
time="2025-11-14T14:56:15-05:00" level=info msg="📦 La base de datos inventario ya existe"
time="2025-11-14T14:56:22-05:00" level=info msg="🗑️ Tablas eliminadas correctamente"
time="2025-11-14T14:56:22-05:00" level=info msg="✅ Tablas migradas correctamente"
time="2025-11-14T14:56:22-05:00" level=info msg="🌱 Ejecutando seeding inicial (usuario admin)..."
time="2025-11-14T14:56:23-05:00" level=info msg="✅ Seeding completo ✅"
time="2025-11-14T14:56:23-05:00" level=info msg="📋 Rutas registradas:"
time="2025-11-14T14:56:23-05:00" level=info msg="  GET /"
time="2025-11-14T14:56:23-05:00" level=info msg="  GET /health"
time="2025-11-14T14:56:23-05:00" level=info msg="  HEAD /"
time="2025-11-14T14:56:23-05:00" level=info msg="  POST /"
time="2025-11-14T14:56:23-05:00" level=info msg="  POST /auth/signin"
time="2025-11-14T14:56:23-05:00" level=info msg="  POST /auth/signup"
time="2025-11-14T14:56:23-05:00" level=info msg="  POST /auth/password-reset/user-exists"
time="2025-11-14T14:56:23-05:00" level=info msg="  POST /auth/password-reset/request"
time="2025-11-14T14:56:23-05:00" level=info msg="  POST /auth/password-reset/validate"
time="2025-11-14T14:56:23-05:00" level=info msg="  POST /auth/password-reset/confirm"
time="2025-11-14T14:56:23-05:00" level=info msg="  PUT /"
time="2025-11-14T14:56:23-05:00" level=info msg="  DELETE /"
time="2025-11-14T14:56:23-05:00" level=info msg="  CONNECT /"
time="2025-11-14T14:56:23-05:00" level=info msg="  OPTIONS /"
time="2025-11-14T14:56:23-05:00" level=info msg="  TRACE /"
time="2025-11-14T14:56:23-05:00" level=info msg="  PATCH /"
time="2025-11-14T14:56:23-05:00" level=info msg="✅ Servidor escuchando en http://localhost:8080"
time="2025-11-14T14:58:03-05:00" level=info msg="HTTP request" ip=127.0.0.1 latency=18.9428ms method=POST path=/auth/password-reset/user-exists status=200 userAgent=node
time="2025-11-14T14:58:03-05:00" level=info msg="HTTP request" ip=127.0.0.1 latency=37.3589ms method=POST path=/auth/password-reset/request status=200 userAgent=node
time="2025-11-14T14:58:31-05:00" level=info msg="HTTP request" ip=127.0.0.1 latency=7.1467ms method=POST path=/auth/password-reset/validate status=200 userAgent=node
time="2025-11-14T14:58:59-05:00" level=info msg="HTTP request" ip=127.0.0.1 latency=158.7344ms method=POST path=/auth/password-reset/confirm status=200 userAgent=node
time="2025-11-14T14:59:25-05:00" level=info msg="📥 Signin request received"
time="2025-11-14T14:59:25-05:00" level=info msg="📧 Email: kenedpalomino@gmail.com, Provider: credentials"
time="2025-11-14T14:59:25-05:00" level=info msg="✅ Signin successful for kenedpalomino@gmail.com"
time="2025-11-14T14:59:25-05:00" level=info msg="HTTP request" ip=127.0.0.1 latency=352.3271ms method=POST path=/auth/signin status=200 userAgent=node
